<?xml version="1.0" encoding="UTF-8"?>
<testsuites>
    <testsuite name="daftar-akun-baru-di-website;user-berhasil-untuk-melakukan-daftar-akun" tests="9" failures="0" skipped="0">
        <properties>
            <property name="@success" value="true">
            </property>
            <property name="URI" value="D:\Study\Job\Telkom Indonesia\Digital Talent Incubator\Materi\Pertemuan 13 (Project 3 atau Akhir)\automation-testing\features\daftar.feature">
            </property>
        </properties>
        <testcase name="Given user akses halaman utama Digiclinic" classname="daftar-akun-baru-di-website;user-berhasil-untuk-melakukan-daftar-akun" time="0.001068099">
        </testcase>
        <testcase name="And user klik pilihan menu Daftar" classname="daftar-akun-baru-di-website;user-berhasil-untuk-melakukan-daftar-akun" time="0.000299399">
        </testcase>
        <testcase name="And user klik fitur Daftar" classname="daftar-akun-baru-di-website;user-berhasil-untuk-melakukan-daftar-akun" time="0.0003822">
        </testcase>
        <testcase name="And user input Nama Lengkap" classname="daftar-akun-baru-di-website;user-berhasil-untuk-melakukan-daftar-akun" time="0.0003695">
        </testcase>
        <testcase name="And user input Email" classname="daftar-akun-baru-di-website;user-berhasil-untuk-melakukan-daftar-akun" time="0.000754001">
        </testcase>
        <testcase name="And user input No hp" classname="daftar-akun-baru-di-website;user-berhasil-untuk-melakukan-daftar-akun" time="0.0033575">
        </testcase>
        <testcase name="And user input Nama Klinik" classname="daftar-akun-baru-di-website;user-berhasil-untuk-melakukan-daftar-akun" time="0.0003648">
        </testcase>
        <testcase name="When user klik tombol Daftar" classname="daftar-akun-baru-di-website;user-berhasil-untuk-melakukan-daftar-akun" time="0.0002309">
        </testcase>
        <testcase name="Then sistem menampilkan pesan Terimakasih Sudah Mendaftar, Periksa Email kamu untuk validasi Email yang didaftarkan" classname="daftar-akun-baru-di-website;user-berhasil-untuk-melakukan-daftar-akun" time="0.0002443">
        </testcase>
    </testsuite>
</testsuites>